<?xml version="1.0" encoding="UTF-8"?>
<testsuite xmlns:xsi="http://www.w3.org/2001/XMLSchema-instance" xsi:noNamespaceSchemaLocation="https://maven.apache.org/surefire/maven-surefire-plugin/xsd/surefire-test-report.xsd" version="3.0.2" name="runner.TestNGRunner" time="26.321" tests="4" errors="0" skipped="0" failures="0">
  <properties>
[...]
</properties>
  <testcase name="runScenario[&quot;Create a incident record and validate the status code&quot;, &quot;Service now api incident feature&quot;](1)" classname="runner.TestNGRunner" time="8.175">
    <system-out><![CDATA[
Scenario: Create a incident record and validate the status code              &amp#27;[90m# src/test/java/features/IncidentService.feature:8&amp#27;[0m
  &amp#27;[32mGiven &amp#27;[0m&amp#27;[32mSet the base uri of the service now api&amp#27;[0m                              &amp#27;[90m# step.defs.som.IncidentServiceSteps.set_the_base_uri_of_the_service_now_api()&amp#27;[0m
  &amp#27;[32mAnd &amp#27;[0m&amp#27;[32mSet the base path of the service now api&amp#27;[0m                               &amp#27;[90m# step.defs.som.IncidentServiceSteps.set_the_base_path_of_the_service_now_api()&amp#27;[0m
  &amp#27;[32mAnd &amp#27;[0m&amp#27;[32mSet the basic Auth of the service now api&amp#27;[0m                              &amp#27;[90m# step.defs.som.IncidentServiceSteps.set_the_basic_auth_of_the_service_now_api()&amp#27;[0m
  &amp#27;[32mWhen &amp#27;[0m&amp#27;[32mSet the header &amp#27;[0m&amp#27;[32m&amp#27;[1m"Content-Type"&amp#27;[0m&amp#27;[32m key and header &amp#27;[0m&amp#27;[32m&amp#27;[1m"application/json"&amp#27;[0m&amp#27;[32m value&amp#27;[0m &amp#27;[90m# step.defs.som.IncidentServiceSteps.set_the_header_key_and_header_value(java.lang.String,java.lang.String)&amp#27;[0m
  &amp#27;[32mAnd &amp#27;[0m&amp#27;[32madd the create incident request body as string&amp#27;[0m                         &amp#27;[90m# step.defs.som.IncidentServiceSteps.add_the_create_incident_request_body_as_string()&amp#27;[0m
  &amp#27;[32mAnd &amp#27;[0m&amp#27;[32mhit the post http method&amp#27;[0m                                               &amp#27;[90m# step.defs.som.IncidentServiceSteps.hit_the_post_http_method()&amp#27;[0m
  &amp#27;[32mThen &amp#27;[0m&amp#27;[32mvalidate the status code and status line&amp#27;[0m                              &amp#27;[90m# step.defs.som.IncidentServiceSteps.validate_the_status_code_and_status_line()&amp#27;[0m
]]></system-out>
    <system-err><![CDATA[SLF4J: Failed to load class "org.slf4j.impl.StaticLoggerBinder".
SLF4J: Defaulting to no-operation (NOP) logger implementation
SLF4J: See http://www.slf4j.org/codes.html#StaticLoggerBinder for further details.
May 01, 2025 1:20:50 PM com.api.rest.assured.base.RestAssuredListener filter
INFO: ============ Request Log ============
HTTP Method: POST
URI: https://dev306865.service-now.com/api/now/table/incident
Headers: [Accept=*/*, Content-Type=application/json]
Request Payload: {"short_description":"SDET SEP 2024","description":"Create a new record using Post"}
=====================================
May 01, 2025 1:20:50 PM com.api.rest.assured.base.RestAssuredListener filter
INFO: ============ Response Log ============
Response Status Code: 201
Response Status Line: HTTP/1.1 201 Created
Response Body: 
{
    "result": {
        "parent": "",
        "made_sla": "true",
        "caused_by": "",
        "watch_list": "",
        "upon_reject": "cancel",
        "sys_updated_on": "2025-05-01 07:50:49",
        "child_incidents": "0",
        "hold_reason": "",
        "origin_table": "",
        "task_effective_number": "INC0010013",
        "approval_history": "",
        "number": "INC0010013",
        "resolved_by": "",
        "sys_updated_by": "admin",
        "opened_by": {
            "link": "https://dev306865.service-now.com/api/now/table/sys_user/6816f79cc0a8016401c5a33be04be441",
            "value": "6816f79cc0a8016401c5a33be04be441"
        },
        "user_input": "",
        "sys_created_on": "2025-05-01 07:50:49",
        "sys_domain": {
            "link": "https://dev306865.service-now.com/api/now/table/sys_user_group/global",
            "value": "global"
        },
        "state": "1",
        "route_reason": "",
        "sys_created_by": "admin",
        "knowledge": "false",
        "order": "",
        "calendar_stc": "",
        "closed_at": "",
        "cmdb_ci": "",
        "delivery_plan": "",
        "contract": "",
        "impact": "3",
        "active": "true",
        "work_notes_list": "",
        "business_service": "",
        "business_impact": "",
        "priority": "5",
        "sys_domain_path": "/",
        "rfc": "",
        "time_worked": "",
        "expected_start": "",
        "opened_at": "2025-05-01 07:50:49",
        "business_duration": "",
        "group_list": "",
        "work_end": "",
        "caller_id": "",
        "reopened_time": "",
        "resolved_at": "",
        "approval_set": "",
        "subcategory": "",
        "work_notes": "",
        "universal_request": "",
        "short_description": "SDET SEP 2024",
        "close_code": "",
        "correlation_display": "",
        "delivery_task": "",
        "work_start": "",
        "assignment_group": "",
        "additional_assignee_list": "",
        "business_stc": "",
        "cause": "",
        "description": "Create a new record using Post",
        "origin_id": "",
        "calendar_duration": "",
        "close_notes": "",
        "notify": "1",
        "service_offering": "",
        "sys_class_name": "incident",
        "closed_by": "",
        "follow_up": "",
        "parent_incident": "",
        "sys_id": "d40dffe093d12210521b393efaba101d",
        "contact_type": "",
        "reopened_by": "",
        "incident_state": "1",
        "urgency": "3",
        "problem_id": "",
        "company": "",
        "reassignment_count": "0",
        "activity_due": "",
        "assigned_to": "",
        "severity": "3",
        "comments": "",
        "approval": "not requested",
        "sla_due": "",
        "comments_and_work_notes": "",
        "due_date": "",
        "sys_mod_count": "0",
        "reopen_count": "0",
        "sys_tags": "",
        "escalation": "0",
        "upon_approval": "proceed",
        "correlation_id": "",
        "location": "",
        "category": "inquiry"
    }
}
Headers: 
Content-Type: application/json;charset=UTF-8
=====================================
]]></system-err>
  </testcase>
  <testcase name="runScenario[&quot;Create a incident record body as POJO Object and validate the status code&quot;, &quot;Service now api incident feature&quot;](2)" classname="runner.TestNGRunner" time="3.771">
    <system-out><![CDATA[
Scenario Outline: Create a incident record body as POJO Object and validate the status code                          &amp#27;[90m# src/test/java/features/IncidentService.feature:23&amp#27;[0m
  &amp#27;[32mGiven &amp#27;[0m&amp#27;[32mSet the base uri of the service now api&amp#27;[0m                                                                      &amp#27;[90m# step.defs.som.IncidentServiceSteps.set_the_base_uri_of_the_service_now_api()&amp#27;[0m
  &amp#27;[32mAnd &amp#27;[0m&amp#27;[32mSet the base path of the service now api&amp#27;[0m                                                                       &amp#27;[90m# step.defs.som.IncidentServiceSteps.set_the_base_path_of_the_service_now_api()&amp#27;[0m
  &amp#27;[32mAnd &amp#27;[0m&amp#27;[32mSet the basic Auth of the service now api&amp#27;[0m                                                                      &amp#27;[90m# step.defs.som.IncidentServiceSteps.set_the_basic_auth_of_the_service_now_api()&amp#27;[0m
  &amp#27;[32mWhen &amp#27;[0m&amp#27;[32mSet the header &amp#27;[0m&amp#27;[32m&amp#27;[1m"Content-Type"&amp#27;[0m&amp#27;[32m key and header &amp#27;[0m&amp#27;[32m&amp#27;[1m"application/json"&amp#27;[0m&amp#27;[32m value&amp#27;[0m                                         &amp#27;[90m# step.defs.som.IncidentServiceSteps.set_the_header_key_and_header_value(java.lang.String,java.lang.String)&amp#27;[0m
  &amp#27;[32mAnd &amp#27;[0m&amp#27;[32mcreate the incident record with description &amp#27;[0m&amp#27;[32m&amp#27;[1mAPISessionJAN&amp#27;[0m&amp#27;[32m in the request body&amp#27;[0m                                  &amp#27;[90m# step.defs.som.IncidentServiceSteps.create_the_incident_record_with_description_api_session_jan_in_the_request_body(java.lang.String)&amp#27;[0m
  &amp#27;[32mAnd &amp#27;[0m&amp#27;[32mcreate the incident record with short description &amp#27;[0m&amp#27;[32m&amp#27;[1mAdding new record using POST POJO Object&amp#27;[0m&amp#27;[32m in the request body&amp#27;[0m &amp#27;[90m# step.defs.som.IncidentServiceSteps.create_the_incident_record_with_shaort_description_adding_new_record_using_post_pojo_object_in_the_request_body(java.lang.String)&amp#27;[0m
  &amp#27;[32mAnd &amp#27;[0m&amp#27;[32mhit the post http method with request body as the pojo object&amp#27;[0m                                                  &amp#27;[90m# step.defs.som.IncidentServiceSteps.hit_the_post_http_method_with_request_body_as_the_pojo_object()&amp#27;[0m
  &amp#27;[32mThen &amp#27;[0m&amp#27;[32mvalidate the status code and status line&amp#27;[0m                                                                      &amp#27;[90m# step.defs.som.IncidentServiceSteps.validate_the_status_code_and_status_line()&amp#27;[0m
]]></system-out>
    <system-err><![CDATA[May 01, 2025 1:20:54 PM com.api.rest.assured.base.RestAssuredListener filter
INFO: ============ Request Log ============
HTTP Method: POST
URI: https://dev306865.service-now.com/api/now/table/incident
Headers: [Accept=*/*, Content-Type=application/json]
Request Payload: {"short_description":"Adding new record using POST POJO Object","description":"APISessionJAN"}
=====================================
May 01, 2025 1:20:54 PM com.api.rest.assured.base.RestAssuredListener filter
INFO: ============ Response Log ============
Response Status Code: 201
Response Status Line: HTTP/1.1 201 Created
Response Body: 
{
    "result": {
        "parent": "",
        "made_sla": "true",
        "caused_by": "",
        "watch_list": "",
        "upon_reject": "cancel",
        "sys_updated_on": "2025-05-01 07:50:54",
        "child_incidents": "0",
        "hold_reason": "",
        "origin_table": "",
        "task_effective_number": "INC0010014",
        "approval_history": "",
        "number": "INC0010014",
        "resolved_by": "",
        "sys_updated_by": "admin",
        "opened_by": {
            "link": "https://dev306865.service-now.com/api/now/table/sys_user/6816f79cc0a8016401c5a33be04be441",
            "value": "6816f79cc0a8016401c5a33be04be441"
        },
        "user_input": "",
        "sys_created_on": "2025-05-01 07:50:54",
        "sys_domain": {
            "link": "https://dev306865.service-now.com/api/now/table/sys_user_group/global",
            "value": "global"
        },
        "state": "1",
        "route_reason": "",
        "sys_created_by": "admin",
        "knowledge": "false",
        "order": "",
        "calendar_stc": "",
        "closed_at": "",
        "cmdb_ci": "",
        "delivery_plan": "",
        "contract": "",
        "impact": "3",
        "active": "true",
        "work_notes_list": "",
        "business_service": "",
        "business_impact": "",
        "priority": "5",
        "sys_domain_path": "/",
        "rfc": "",
        "time_worked": "",
        "expected_start": "",
        "opened_at": "2025-05-01 07:50:54",
        "business_duration": "",
        "group_list": "",
        "work_end": "",
        "caller_id": "",
        "reopened_time": "",
        "resolved_at": "",
        "approval_set": "",
        "subcategory": "",
        "work_notes": "",
        "universal_request": "",
        "short_description": "Adding new record using POST POJO Object",
        "close_code": "",
        "correlation_display": "",
        "delivery_task": "",
        "work_start": "",
        "assignment_group": "",
        "additional_assignee_list": "",
        "business_stc": "",
        "cause": "",
        "description": "APISessionJAN",
        "origin_id": "",
        "calendar_duration": "",
        "close_notes": "",
        "notify": "1",
        "service_offering": "",
        "sys_class_name": "incident",
        "closed_by": "",
        "follow_up": "",
        "parent_incident": "",
        "sys_id": "9d0d332493152210521b393efaba1064",
        "contact_type": "",
        "reopened_by": "",
        "incident_state": "1",
        "urgency": "3",
        "problem_id": "",
        "company": "",
        "reassignment_count": "0",
        "activity_due": "",
        "assigned_to": "",
        "severity": "3",
        "comments": "",
        "approval": "not requested",
        "sla_due": "",
        "comments_and_work_notes": "",
        "due_date": "",
        "sys_mod_count": "0",
        "reopen_count": "0",
        "sys_tags": "",
        "escalation": "0",
        "upon_approval": "proceed",
        "correlation_id": "",
        "location": "",
        "category": "inquiry"
    }
}
Headers: 
Content-Type: application/json;charset=UTF-8
=====================================
]]></system-err>
  </testcase>
  <testcase name="runScenario[&quot;Create a incident record body as POJO Object and validate the status code&quot;, &quot;Service now api incident feature&quot;](3)" classname="runner.TestNGRunner" time="2.475">
    <system-out><![CDATA[
Scenario Outline: Create a incident record body as POJO Object and validate the status code                          &amp#27;[90m# src/test/java/features/IncidentService.feature:24&amp#27;[0m
  &amp#27;[32mGiven &amp#27;[0m&amp#27;[32mSet the base uri of the service now api&amp#27;[0m                                                                      &amp#27;[90m# step.defs.som.IncidentServiceSteps.set_the_base_uri_of_the_service_now_api()&amp#27;[0m
  &amp#27;[32mAnd &amp#27;[0m&amp#27;[32mSet the base path of the service now api&amp#27;[0m                                                                       &amp#27;[90m# step.defs.som.IncidentServiceSteps.set_the_base_path_of_the_service_now_api()&amp#27;[0m
  &amp#27;[32mAnd &amp#27;[0m&amp#27;[32mSet the basic Auth of the service now api&amp#27;[0m                                                                      &amp#27;[90m# step.defs.som.IncidentServiceSteps.set_the_basic_auth_of_the_service_now_api()&amp#27;[0m
  &amp#27;[32mWhen &amp#27;[0m&amp#27;[32mSet the header &amp#27;[0m&amp#27;[32m&amp#27;[1m"Content-Type"&amp#27;[0m&amp#27;[32m key and header &amp#27;[0m&amp#27;[32m&amp#27;[1m"application/json"&amp#27;[0m&amp#27;[32m value&amp#27;[0m                                         &amp#27;[90m# step.defs.som.IncidentServiceSteps.set_the_header_key_and_header_value(java.lang.String,java.lang.String)&amp#27;[0m
  &amp#27;[32mAnd &amp#27;[0m&amp#27;[32mcreate the incident record with description &amp#27;[0m&amp#27;[32m&amp#27;[1mAPISessionFEB&amp#27;[0m&amp#27;[32m in the request body&amp#27;[0m                                  &amp#27;[90m# step.defs.som.IncidentServiceSteps.create_the_incident_record_with_description_api_session_jan_in_the_request_body(java.lang.String)&amp#27;[0m
  &amp#27;[32mAnd &amp#27;[0m&amp#27;[32mcreate the incident record with short description &amp#27;[0m&amp#27;[32m&amp#27;[1mAdding new record using POST POJO Object&amp#27;[0m&amp#27;[32m in the request body&amp#27;[0m &amp#27;[90m# step.defs.som.IncidentServiceSteps.create_the_incident_record_with_shaort_description_adding_new_record_using_post_pojo_object_in_the_request_body(java.lang.String)&amp#27;[0m
  &amp#27;[32mAnd &amp#27;[0m&amp#27;[32mhit the post http method with request body as the pojo object&amp#27;[0m                                                  &amp#27;[90m# step.defs.som.IncidentServiceSteps.hit_the_post_http_method_with_request_body_as_the_pojo_object()&amp#27;[0m
  &amp#27;[32mThen &amp#27;[0m&amp#27;[32mvalidate the status code and status line&amp#27;[0m                                                                      &amp#27;[90m# step.defs.som.IncidentServiceSteps.validate_the_status_code_and_status_line()&amp#27;[0m
]]></system-out>
    <system-err><![CDATA[May 01, 2025 1:20:56 PM com.api.rest.assured.base.RestAssuredListener filter
INFO: ============ Request Log ============
HTTP Method: POST
URI: https://dev306865.service-now.com/api/now/table/incident
Headers: [Accept=*/*, Content-Type=application/json]
Request Payload: {"short_description":"Adding new record using POST POJO Object","description":"APISessionFEB"}
=====================================
May 01, 2025 1:20:56 PM com.api.rest.assured.base.RestAssuredListener filter
INFO: ============ Response Log ============
Response Status Code: 201
Response Status Line: HTTP/1.1 201 Created
Response Body: 
{
    "result": {
        "parent": "",
        "made_sla": "true",
        "caused_by": "",
        "watch_list": "",
        "upon_reject": "cancel",
        "sys_updated_on": "2025-05-01 07:50:56",
        "child_incidents": "0",
        "hold_reason": "",
        "origin_table": "",
        "task_effective_number": "INC0010015",
        "approval_history": "",
        "number": "INC0010015",
        "resolved_by": "",
        "sys_updated_by": "admin",
        "opened_by": {
            "link": "https://dev306865.service-now.com/api/now/table/sys_user/6816f79cc0a8016401c5a33be04be441",
            "value": "6816f79cc0a8016401c5a33be04be441"
        },
        "user_input": "",
        "sys_created_on": "2025-05-01 07:50:56",
        "sys_domain": {
            "link": "https://dev306865.service-now.com/api/now/table/sys_user_group/global",
            "value": "global"
        },
        "state": "1",
        "route_reason": "",
        "sys_created_by": "admin",
        "knowledge": "false",
        "order": "",
        "calendar_stc": "",
        "closed_at": "",
        "cmdb_ci": "",
        "delivery_plan": "",
        "contract": "",
        "impact": "3",
        "active": "true",
        "work_notes_list": "",
        "business_service": "",
        "business_impact": "",
        "priority": "5",
        "sys_domain_path": "/",
        "rfc": "",
        "time_worked": "",
        "expected_start": "",
        "opened_at": "2025-05-01 07:50:56",
        "business_duration": "",
        "group_list": "",
        "work_end": "",
        "caller_id": "",
        "reopened_time": "",
        "resolved_at": "",
        "approval_set": "",
        "subcategory": "",
        "work_notes": "",
        "universal_request": "",
        "short_description": "Adding new record using POST POJO Object",
        "close_code": "",
        "correlation_display": "",
        "delivery_task": "",
        "work_start": "",
        "assignment_group": "",
        "additional_assignee_list": "",
        "business_stc": "",
        "cause": "",
        "description": "APISessionFEB",
        "origin_id": "",
        "calendar_duration": "",
        "close_notes": "",
        "notify": "1",
        "service_offering": "",
        "sys_class_name": "incident",
        "closed_by": "",
        "follow_up": "",
        "parent_incident": "",
        "sys_id": "390dbfe093d12210521b393efaba10c4",
        "contact_type": "",
        "reopened_by": "",
        "incident_state": "1",
        "urgency": "3",
        "problem_id": "",
        "company": "",
        "reassignment_count": "0",
        "activity_due": "",
        "assigned_to": "",
        "severity": "3",
        "comments": "",
        "approval": "not requested",
        "sla_due": "",
        "comments_and_work_notes": "",
        "due_date": "",
        "sys_mod_count": "0",
        "reopen_count": "0",
        "sys_tags": "",
        "escalation": "0",
        "upon_approval": "proceed",
        "correlation_id": "",
        "location": "",
        "category": "inquiry"
    }
}
Headers: 
Content-Type: application/json;charset=UTF-8
=====================================
]]></system-err>
  </testcase>
  <testcase name="runScenario[&quot;Create a incident record body as POJO Object and validate the status code&quot;, &quot;Service now api incident feature&quot;](4)" classname="runner.TestNGRunner" time="2.721">
    <system-out><![CDATA[
Scenario Outline: Create a incident record body as POJO Object and validate the status code                              &amp#27;[90m# src/test/java/features/IncidentService.feature:25&amp#27;[0m
  &amp#27;[32mGiven &amp#27;[0m&amp#27;[32mSet the base uri of the service now api&amp#27;[0m                                                                          &amp#27;[90m# step.defs.som.IncidentServiceSteps.set_the_base_uri_of_the_service_now_api()&amp#27;[0m
  &amp#27;[32mAnd &amp#27;[0m&amp#27;[32mSet the base path of the service now api&amp#27;[0m                                                                           &amp#27;[90m# step.defs.som.IncidentServiceSteps.set_the_base_path_of_the_service_now_api()&amp#27;[0m
  &amp#27;[32mAnd &amp#27;[0m&amp#27;[32mSet the basic Auth of the service now api&amp#27;[0m                                                                          &amp#27;[90m# step.defs.som.IncidentServiceSteps.set_the_basic_auth_of_the_service_now_api()&amp#27;[0m
  &amp#27;[32mWhen &amp#27;[0m&amp#27;[32mSet the header &amp#27;[0m&amp#27;[32m&amp#27;[1m"Content-Type"&amp#27;[0m&amp#27;[32m key and header &amp#27;[0m&amp#27;[32m&amp#27;[1m"application/json"&amp#27;[0m&amp#27;[32m value&amp#27;[0m                                             &amp#27;[90m# step.defs.som.IncidentServiceSteps.set_the_header_key_and_header_value(java.lang.String,java.lang.String)&amp#27;[0m
  &amp#27;[32mAnd &amp#27;[0m&amp#27;[32mcreate the incident record with description &amp#27;[0m&amp#27;[32m&amp#27;[1mAPISessionMar&amp#27;[0m&amp#27;[32m in the request body&amp#27;[0m                                      &amp#27;[90m# step.defs.som.IncidentServiceSteps.create_the_incident_record_with_description_api_session_jan_in_the_request_body(java.lang.String)&amp#27;[0m
  &amp#27;[32mAnd &amp#27;[0m&amp#27;[32mcreate the incident record with short description &amp#27;[0m&amp#27;[32m&amp#27;[1mAdding new record using POST POJO Object Mar&amp#27;[0m&amp#27;[32m in the request body&amp#27;[0m &amp#27;[90m# step.defs.som.IncidentServiceSteps.create_the_incident_record_with_shaort_description_adding_new_record_using_post_pojo_object_in_the_request_body(java.lang.String)&amp#27;[0m
  &amp#27;[32mAnd &amp#27;[0m&amp#27;[32mhit the post http method with request body as the pojo object&amp#27;[0m                                                      &amp#27;[90m# step.defs.som.IncidentServiceSteps.hit_the_post_http_method_with_request_body_as_the_pojo_object()&amp#27;[0m
  &amp#27;[32mThen &amp#27;[0m&amp#27;[32mvalidate the status code and status line&amp#27;[0m                                                                          &amp#27;[90m# step.defs.som.IncidentServiceSteps.validate_the_status_code_and_status_line()&amp#27;[0m
]]></system-out>
    <system-err><![CDATA[May 01, 2025 1:20:59 PM com.api.rest.assured.base.RestAssuredListener filter
INFO: ============ Request Log ============
HTTP Method: POST
URI: https://dev306865.service-now.com/api/now/table/incident
Headers: [Accept=*/*, Content-Type=application/json]
Request Payload: {"short_description":"Adding new record using POST POJO Object Mar","description":"APISessionMar"}
=====================================
May 01, 2025 1:20:59 PM com.api.rest.assured.base.RestAssuredListener filter
INFO: ============ Response Log ============
Response Status Code: 201
Response Status Line: HTTP/1.1 201 Created
Response Body: 
{
    "result": {
        "parent": "",
        "made_sla": "true",
        "caused_by": "",
        "watch_list": "",
        "upon_reject": "cancel",
        "sys_updated_on": "2025-05-01 07:50:59",
        "child_incidents": "0",
        "hold_reason": "",
        "origin_table": "",
        "task_effective_number": "INC0010016",
        "approval_history": "",
        "number": "INC0010016",
        "resolved_by": "",
        "sys_updated_by": "admin",
        "opened_by": {
            "link": "https://dev306865.service-now.com/api/now/table/sys_user/6816f79cc0a8016401c5a33be04be441",
            "value": "6816f79cc0a8016401c5a33be04be441"
        },
        "user_input": "",
        "sys_created_on": "2025-05-01 07:50:59",
        "sys_domain": {
            "link": "https://dev306865.service-now.com/api/now/table/sys_user_group/global",
            "value": "global"
        },
        "state": "1",
        "route_reason": "",
        "sys_created_by": "admin",
        "knowledge": "false",
        "order": "",
        "calendar_stc": "",
        "closed_at": "",
        "cmdb_ci": "",
        "delivery_plan": "",
        "contract": "",
        "impact": "3",
        "active": "true",
        "work_notes_list": "",
        "business_service": "",
        "business_impact": "",
        "priority": "5",
        "sys_domain_path": "/",
        "rfc": "",
        "time_worked": "",
        "expected_start": "",
        "opened_at": "2025-05-01 07:50:59",
        "business_duration": "",
        "group_list": "",
        "work_end": "",
        "caller_id": "",
        "reopened_time": "",
        "resolved_at": "",
        "approval_set": "",
        "subcategory": "",
        "work_notes": "",
        "universal_request": "",
        "short_description": "Adding new record using POST POJO Object Mar",
        "close_code": "",
        "correlation_display": "",
        "delivery_task": "",
        "work_start": "",
        "assignment_group": "",
        "additional_assignee_list": "",
        "business_stc": "",
        "cause": "",
        "description": "APISessionMar",
        "origin_id": "",
        "calendar_duration": "",
        "close_notes": "",
        "notify": "1",
        "service_offering": "",
        "sys_class_name": "incident",
        "closed_by": "",
        "follow_up": "",
        "parent_incident": "",
        "sys_id": "2a0d73a493952210521b393efaba10e5",
        "contact_type": "",
        "reopened_by": "",
        "incident_state": "1",
        "urgency": "3",
        "problem_id": "",
        "company": "",
        "reassignment_count": "0",
        "activity_due": "",
        "assigned_to": "",
        "severity": "3",
        "comments": "",
        "approval": "not requested",
        "sla_due": "",
        "comments_and_work_notes": "",
        "due_date": "",
        "sys_mod_count": "0",
        "reopen_count": "0",
        "sys_tags": "",
        "escalation": "0",
        "upon_approval": "proceed",
        "correlation_id": "",
        "location": "",
        "category": "inquiry"
    }
}
Headers: 
Content-Type: application/json;charset=UTF-8
=====================================
]]></system-err>
  </testcase>
</testsuite>