<?xml version="1.0" encoding="UTF-8"?>
<testng-results ignored="0" total="4" passed="4" failed="0" skipped="0">
  <reporter-output>
  </reporter-output>
  <suite started-at="2025-03-23T23:08:00 IST" name="Default suite" finished-at="2025-03-23T23:08:17 IST" duration-ms="16718">
    <groups>
      <group name="cucumber">
        <method signature="AbstractTestNGCucumberTests.runScenario(io.cucumber.testng.PickleWrapper,io.cucumber.testng.FeatureWrapper)[pri:0, instance:runner.TestNGRunner@7c7a06ec]" name="runScenario" class="io.cucumber.testng.AbstractTestNGCucumberTests"/>
      </group> <!-- cucumber -->
    </groups>
    <test started-at="2025-03-23T23:08:00 IST" name="Default test" finished-at="2025-03-23T23:08:17 IST" duration-ms="16718">
      <class name="runner.TestNGRunner">
        <test-method is-config="true" signature="setUpClass(org.testng.ITestContext)[pri:0, instance:runner.TestNGRunner@7c7a06ec]" started-at="2025-03-23T23:08:00 IST" name="setUpClass" finished-at="2025-03-23T23:08:03 IST" duration-ms="2622" status="PASS">
          <params>
            <param index="0">
              <value>
                <![CDATA[org.testng.TestRunner@2e4eda17]]>
              </value>
            </param>
          </params>
          <reporter-output>
          </reporter-output>
        </test-method> <!-- setUpClass -->
        <test-method signature="runScenario(io.cucumber.testng.PickleWrapper,io.cucumber.testng.FeatureWrapper)[pri:0, instance:runner.TestNGRunner@7c7a06ec]" started-at="2025-03-23T23:08:03 IST" name="runScenario" description="Runs Cucumber Scenarios" data-provider="scenarios" finished-at="2025-03-23T23:08:09 IST" duration-ms="5782" status="PASS">
          <params>
            <param index="0">
              <value>
                <![CDATA["Create a incident record and validate the status code"]]>
              </value>
            </param>
            <param index="1">
              <value>
                <![CDATA["Service now api incident feature"]]>
              </value>
            </param>
          </params>
          <reporter-output>
          </reporter-output>
        </test-method> <!-- runScenario -->
        <test-method signature="runScenario(io.cucumber.testng.PickleWrapper,io.cucumber.testng.FeatureWrapper)[pri:0, instance:runner.TestNGRunner@7c7a06ec]" started-at="2025-03-23T23:08:09 IST" name="runScenario" description="Runs Cucumber Scenarios" data-provider="scenarios" finished-at="2025-03-23T23:08:12 IST" duration-ms="3260" status="PASS">
          <params>
            <param index="0">
              <value>
                <![CDATA["Create a incident record body as POJO Object and validate the status code"]]>
              </value>
            </param>
            <param index="1">
              <value>
                <![CDATA["Service now api incident feature"]]>
              </value>
            </param>
          </params>
          <reporter-output>
          </reporter-output>
        </test-method> <!-- runScenario -->
        <test-method signature="runScenario(io.cucumber.testng.PickleWrapper,io.cucumber.testng.FeatureWrapper)[pri:0, instance:runner.TestNGRunner@7c7a06ec]" started-at="2025-03-23T23:08:12 IST" name="runScenario" description="Runs Cucumber Scenarios" data-provider="scenarios" finished-at="2025-03-23T23:08:14 IST" duration-ms="2436" status="PASS">
          <params>
            <param index="0">
              <value>
                <![CDATA["Create a incident record body as POJO Object and validate the status code"]]>
              </value>
            </param>
            <param index="1">
              <value>
                <![CDATA["Service now api incident feature"]]>
              </value>
            </param>
          </params>
          <reporter-output>
          </reporter-output>
        </test-method> <!-- runScenario -->
        <test-method signature="runScenario(io.cucumber.testng.PickleWrapper,io.cucumber.testng.FeatureWrapper)[pri:0, instance:runner.TestNGRunner@7c7a06ec]" started-at="2025-03-23T23:08:14 IST" name="runScenario" description="Runs Cucumber Scenarios" data-provider="scenarios" finished-at="2025-03-23T23:08:17 IST" duration-ms="2531" status="PASS">
          <params>
            <param index="0">
              <value>
                <![CDATA["Create a incident record body as POJO Object and validate the status code"]]>
              </value>
            </param>
            <param index="1">
              <value>
                <![CDATA["Service now api incident feature"]]>
              </value>
            </param>
          </params>
          <reporter-output>
          </reporter-output>
        </test-method> <!-- runScenario -->
        <test-method is-config="true" signature="tearDownClass()[pri:0, instance:runner.TestNGRunner@7c7a06ec]" started-at="2025-03-23T23:08:17 IST" name="tearDownClass" finished-at="2025-03-23T23:08:17 IST" duration-ms="38" status="PASS">
          <reporter-output>
          </reporter-output>
        </test-method> <!-- tearDownClass -->
      </class> <!-- runner.TestNGRunner -->
    </test> <!-- Default test -->
  </suite> <!-- Default suite -->
</testng-results>
